  compilation object save succeeded; see C:\Users\Shert\Desktop\DirectX11\Release\Shaders.cso
  directx.cpp
c:\program files (x86)\microsoft directx sdk (june 2010)\include\dxgitype.h(12): warning C4005: DXGI_STATUS_OCCLUDED: изменение макроопределения
  c:\program files (x86)\windows kits\10\include\10.0.19041.0\shared\winerror.h(56388): note: см. предыдущее определение "DXGI_STATUS_OCCLUDED"
c:\program files (x86)\microsoft directx sdk (june 2010)\include\dxgitype.h(13): warning C4005: DXGI_STATUS_CLIPPED: изменение макроопределения
  c:\program files (x86)\windows kits\10\include\10.0.19041.0\shared\winerror.h(56397): note: см. предыдущее определение "DXGI_STATUS_CLIPPED"
c:\program files (x86)\microsoft directx sdk (june 2010)\include\dxgitype.h(14): warning C4005: DXGI_STATUS_NO_REDIRECTION: изменение макроопределения
  c:\program files (x86)\windows kits\10\include\10.0.19041.0\shared\winerror.h(56406): note: см. предыдущее определение "DXGI_STATUS_NO_REDIRECTION"
c:\program files (x86)\microsoft directx sdk (june 2010)\include\dxgitype.h(15): warning C4005: DXGI_STATUS_NO_DESKTOP_ACCESS: изменение макроопределения
  c:\program files (x86)\windows kits\10\include\10.0.19041.0\shared\winerror.h(56415): note: см. предыдущее определение "DXGI_STATUS_NO_DESKTOP_ACCESS"
c:\program files (x86)\microsoft directx sdk (june 2010)\include\dxgitype.h(16): warning C4005: DXGI_STATUS_GRAPHICS_VIDPN_SOURCE_IN_USE: изменение макроопределения
  c:\program files (x86)\windows kits\10\include\10.0.19041.0\shared\winerror.h(56424): note: см. предыдущее определение "DXGI_STATUS_GRAPHICS_VIDPN_SOURCE_IN_USE"
c:\program files (x86)\microsoft directx sdk (june 2010)\include\dxgitype.h(17): warning C4005: DXGI_STATUS_MODE_CHANGED: изменение макроопределения
  c:\program files (x86)\windows kits\10\include\10.0.19041.0\shared\winerror.h(56433): note: см. предыдущее определение "DXGI_STATUS_MODE_CHANGED"
c:\program files (x86)\microsoft directx sdk (june 2010)\include\dxgitype.h(18): warning C4005: DXGI_STATUS_MODE_CHANGE_IN_PROGRESS: изменение макроопределения
  c:\program files (x86)\windows kits\10\include\10.0.19041.0\shared\winerror.h(56442): note: см. предыдущее определение "DXGI_STATUS_MODE_CHANGE_IN_PROGRESS"
c:\program files (x86)\microsoft directx sdk (june 2010)\include\dxgitype.h(21): warning C4005: DXGI_ERROR_INVALID_CALL: изменение макроопределения
  c:\program files (x86)\windows kits\10\include\10.0.19041.0\shared\winerror.h(56457): note: см. предыдущее определение "DXGI_ERROR_INVALID_CALL"
c:\program files (x86)\microsoft directx sdk (june 2010)\include\dxgitype.h(22): warning C4005: DXGI_ERROR_NOT_FOUND: изменение макроопределения
  c:\program files (x86)\windows kits\10\include\10.0.19041.0\shared\winerror.h(56466): note: см. предыдущее определение "DXGI_ERROR_NOT_FOUND"
c:\program files (x86)\microsoft directx sdk (june 2010)\include\dxgitype.h(23): warning C4005: DXGI_ERROR_MORE_DATA: изменение макроопределения
  c:\program files (x86)\windows kits\10\include\10.0.19041.0\shared\winerror.h(56475): note: см. предыдущее определение "DXGI_ERROR_MORE_DATA"
c:\program files (x86)\microsoft directx sdk (june 2010)\include\dxgitype.h(24): warning C4005: DXGI_ERROR_UNSUPPORTED: изменение макроопределения
  c:\program files (x86)\windows kits\10\include\10.0.19041.0\shared\winerror.h(56484): note: см. предыдущее определение "DXGI_ERROR_UNSUPPORTED"
c:\program files (x86)\microsoft directx sdk (june 2010)\include\dxgitype.h(25): warning C4005: DXGI_ERROR_DEVICE_REMOVED: изменение макроопределения
  c:\program files (x86)\windows kits\10\include\10.0.19041.0\shared\winerror.h(56493): note: см. предыдущее определение "DXGI_ERROR_DEVICE_REMOVED"
c:\program files (x86)\microsoft directx sdk (june 2010)\include\dxgitype.h(26): warning C4005: DXGI_ERROR_DEVICE_HUNG: изменение макроопределения
  c:\program files (x86)\windows kits\10\include\10.0.19041.0\shared\winerror.h(56502): note: см. предыдущее определение "DXGI_ERROR_DEVICE_HUNG"
c:\program files (x86)\microsoft directx sdk (june 2010)\include\dxgitype.h(27): warning C4005: DXGI_ERROR_DEVICE_RESET: изменение макроопределения
  c:\program files (x86)\windows kits\10\include\10.0.19041.0\shared\winerror.h(56512): note: см. предыдущее определение "DXGI_ERROR_DEVICE_RESET"
c:\program files (x86)\microsoft directx sdk (june 2010)\include\dxgitype.h(28): warning C4005: DXGI_ERROR_WAS_STILL_DRAWING: изменение макроопределения
  c:\program files (x86)\windows kits\10\include\10.0.19041.0\shared\winerror.h(56521): note: см. предыдущее определение "DXGI_ERROR_WAS_STILL_DRAWING"
c:\program files (x86)\microsoft directx sdk (june 2010)\include\dxgitype.h(29): warning C4005: DXGI_ERROR_FRAME_STATISTICS_DISJOINT: изменение макроопределения
  c:\program files (x86)\windows kits\10\include\10.0.19041.0\shared\winerror.h(56531): note: см. предыдущее определение "DXGI_ERROR_FRAME_STATISTICS_DISJOINT"
c:\program files (x86)\microsoft directx sdk (june 2010)\include\dxgitype.h(30): warning C4005: DXGI_ERROR_GRAPHICS_VIDPN_SOURCE_IN_USE: изменение макроопределения
  c:\program files (x86)\windows kits\10\include\10.0.19041.0\shared\winerror.h(56540): note: см. предыдущее определение "DXGI_ERROR_GRAPHICS_VIDPN_SOURCE_IN_USE"
c:\program files (x86)\microsoft directx sdk (june 2010)\include\dxgitype.h(31): warning C4005: DXGI_ERROR_DRIVER_INTERNAL_ERROR: изменение макроопределения
  c:\program files (x86)\windows kits\10\include\10.0.19041.0\shared\winerror.h(56550): note: см. предыдущее определение "DXGI_ERROR_DRIVER_INTERNAL_ERROR"
c:\program files (x86)\microsoft directx sdk (june 2010)\include\dxgitype.h(32): warning C4005: DXGI_ERROR_NONEXCLUSIVE: изменение макроопределения
  c:\program files (x86)\windows kits\10\include\10.0.19041.0\shared\winerror.h(56559): note: см. предыдущее определение "DXGI_ERROR_NONEXCLUSIVE"
c:\program files (x86)\microsoft directx sdk (june 2010)\include\dxgitype.h(33): warning C4005: DXGI_ERROR_NOT_CURRENTLY_AVAILABLE: изменение макроопределения
  c:\program files (x86)\windows kits\10\include\10.0.19041.0\shared\winerror.h(56568): note: см. предыдущее определение "DXGI_ERROR_NOT_CURRENTLY_AVAILABLE"
c:\program files (x86)\microsoft directx sdk (june 2010)\include\dxgitype.h(34): warning C4005: DXGI_ERROR_REMOTE_CLIENT_DISCONNECTED: изменение макроопределения
  c:\program files (x86)\windows kits\10\include\10.0.19041.0\shared\winerror.h(56578): note: см. предыдущее определение "DXGI_ERROR_REMOTE_CLIENT_DISCONNECTED"
c:\program files (x86)\microsoft directx sdk (june 2010)\include\dxgitype.h(35): warning C4005: DXGI_ERROR_REMOTE_OUTOFMEMORY: изменение макроопределения
  c:\program files (x86)\windows kits\10\include\10.0.19041.0\shared\winerror.h(56587): note: см. предыдущее определение "DXGI_ERROR_REMOTE_OUTOFMEMORY"
c:\program files (x86)\microsoft directx sdk (june 2010)\include\d3d11.h(917): warning C4005: D3D11_ERROR_TOO_MANY_UNIQUE_STATE_OBJECTS: изменение макроопределения
  c:\program files (x86)\windows kits\10\include\10.0.19041.0\shared\winerror.h(56865): note: см. предыдущее определение "D3D11_ERROR_TOO_MANY_UNIQUE_STATE_OBJECTS"
c:\program files (x86)\microsoft directx sdk (june 2010)\include\d3d11.h(918): warning C4005: D3D11_ERROR_FILE_NOT_FOUND: изменение макроопределения
  c:\program files (x86)\windows kits\10\include\10.0.19041.0\shared\winerror.h(56874): note: см. предыдущее определение "D3D11_ERROR_FILE_NOT_FOUND"
c:\program files (x86)\microsoft directx sdk (june 2010)\include\d3d11.h(919): warning C4005: D3D11_ERROR_TOO_MANY_UNIQUE_VIEW_OBJECTS: изменение макроопределения
  c:\program files (x86)\windows kits\10\include\10.0.19041.0\shared\winerror.h(56884): note: см. предыдущее определение "D3D11_ERROR_TOO_MANY_UNIQUE_VIEW_OBJECTS"
c:\program files (x86)\microsoft directx sdk (june 2010)\include\d3d11.h(920): warning C4005: D3D11_ERROR_DEFERRED_CONTEXT_MAP_WITHOUT_INITIAL_DISCARD: изменение макроопределения
  c:\program files (x86)\windows kits\10\include\10.0.19041.0\shared\winerror.h(56893): note: см. предыдущее определение "D3D11_ERROR_DEFERRED_CONTEXT_MAP_WITHOUT_INITIAL_DISCARD"
c:\program files (x86)\microsoft directx sdk (june 2010)\include\d3d10.h(608): warning C4005: D3D10_ERROR_TOO_MANY_UNIQUE_STATE_OBJECTS: изменение макроопределения
  c:\program files (x86)\windows kits\10\include\10.0.19041.0\shared\winerror.h(56841): note: см. предыдущее определение "D3D10_ERROR_TOO_MANY_UNIQUE_STATE_OBJECTS"
c:\program files (x86)\microsoft directx sdk (june 2010)\include\d3d10.h(609): warning C4005: D3D10_ERROR_FILE_NOT_FOUND: изменение макроопределения
  c:\program files (x86)\windows kits\10\include\10.0.19041.0\shared\winerror.h(56850): note: см. предыдущее определение "D3D10_ERROR_FILE_NOT_FOUND"
c:\program files (x86)\microsoft directx sdk (june 2010)\include\xnamath.h(2662): warning C4838: преобразование из "unsigned int" в "INT" требует сужающего преобразования
c:\program files (x86)\microsoft directx sdk (june 2010)\include\xnamath.h(2663): warning C4838: преобразование из "unsigned int" в "INT" требует сужающего преобразования
c:\program files (x86)\microsoft directx sdk (june 2010)\include\xnamath.h(2664): warning C4838: преобразование из "unsigned int" в "INT" требует сужающего преобразования
c:\program files (x86)\microsoft directx sdk (june 2010)\include\xnamath.h(2665): warning C4838: преобразование из "unsigned int" в "INT" требует сужающего преобразования
c:\program files (x86)\microsoft directx sdk (june 2010)\include\xnamath.h(2666): warning C4838: преобразование из "unsigned int" в "INT" требует сужающего преобразования
c:\program files (x86)\microsoft directx sdk (june 2010)\include\xnamath.h(2667): warning C4838: преобразование из "unsigned int" в "INT" требует сужающего преобразования
c:\program files (x86)\microsoft directx sdk (june 2010)\include\xnamath.h(2668): warning C4838: преобразование из "unsigned int" в "INT" требует сужающего преобразования
c:\program files (x86)\microsoft directx sdk (june 2010)\include\xnamath.h(2689): warning C4838: преобразование из "unsigned int" в "INT" требует сужающего преобразования
c:\program files (x86)\microsoft directx sdk (june 2010)\include\xnamath.h(2690): warning C4838: преобразование из "unsigned int" в "INT" требует сужающего преобразования
c:\program files (x86)\microsoft directx sdk (june 2010)\include\xnamath.h(2691): warning C4838: преобразование из "unsigned int" в "INT" требует сужающего преобразования
c:\program files (x86)\microsoft directx sdk (june 2010)\include\xnamath.h(2694): warning C4838: преобразование из "unsigned int" в "INT" требует сужающего преобразования
c:\program files (x86)\microsoft directx sdk (june 2010)\include\xnamath.h(2695): warning C4838: преобразование из "unsigned int" в "INT" требует сужающего преобразования
c:\program files (x86)\microsoft directx sdk (june 2010)\include\xnamath.h(2698): warning C4838: преобразование из "unsigned int" в "INT" требует сужающего преобразования
c:\program files (x86)\microsoft directx sdk (june 2010)\include\xnamath.h(2702): warning C4838: преобразование из "unsigned int" в "INT" требует сужающего преобразования
c:\program files (x86)\microsoft directx sdk (june 2010)\include\xnamath.h(2712): warning C4838: преобразование из "unsigned int" в "INT" требует сужающего преобразования
c:\program files (x86)\microsoft directx sdk (june 2010)\include\xnamath.h(2713): warning C4838: преобразование из "unsigned int" в "INT" требует сужающего преобразования
c:\program files (x86)\microsoft directx sdk (june 2010)\include\xnamath.h(2715): warning C4838: преобразование из "unsigned int" в "INT" требует сужающего преобразования
c:\program files (x86)\microsoft directx sdk (june 2010)\include\xnamath.h(2716): warning C4838: преобразование из "unsigned int" в "INT" требует сужающего преобразования
c:\program files (x86)\microsoft directx sdk (june 2010)\include\xnamath.h(2717): warning C4838: преобразование из "unsigned int" в "INT" требует сужающего преобразования
c:\program files (x86)\microsoft directx sdk (june 2010)\include\xnamath.h(2727): warning C4838: преобразование из "unsigned int" в "INT" требует сужающего преобразования
c:\program files (x86)\microsoft directx sdk (june 2010)\include\xnamath.h(2728): warning C4838: преобразование из "unsigned int" в "INT" требует сужающего преобразования
c:\program files (x86)\microsoft directx sdk (june 2010)\include\xnamath.h(2729): warning C4838: преобразование из "unsigned int" в "INT" требует сужающего преобразования
c:\program files (x86)\microsoft directx sdk (june 2010)\include\xnamath.h(2730): warning C4838: преобразование из "unsigned int" в "INT" требует сужающего преобразования
c:\program files (x86)\microsoft directx sdk (june 2010)\include\xnamath.h(2731): warning C4838: преобразование из "unsigned int" в "INT" требует сужающего преобразования
c:\program files (x86)\microsoft directx sdk (june 2010)\include\xnamath.h(2732): warning C4838: преобразование из "unsigned int" в "INT" требует сужающего преобразования
c:\program files (x86)\microsoft directx sdk (june 2010)\include\xnamath.h(2742): warning C4838: преобразование из "unsigned int" в "INT" требует сужающего преобразования
c:\program files (x86)\microsoft directx sdk (june 2010)\include\xnamath.h(2743): warning C4838: преобразование из "unsigned int" в "INT" требует сужающего преобразования
c:\program files (x86)\microsoft directx sdk (june 2010)\include\xnamath.h(2754): warning C4838: преобразование из "unsigned int" в "INT" требует сужающего преобразования
c:\program files (x86)\microsoft directx sdk (june 2010)\include\xnamathconvert.inl(2254): warning C4838: преобразование из "unsigned int" в "INT" требует сужающего преобразования
c:\program files (x86)\microsoft directx sdk (june 2010)\include\xnamathconvert.inl(4523): warning C4838: преобразование из "unsigned int" в "INT" требует сужающего преобразования
c:\program files (x86)\microsoft directx sdk (june 2010)\include\xnamathconvert.inl(4577): warning C4838: преобразование из "unsigned int" в "INT" требует сужающего преобразования
c:\program files (x86)\microsoft directx sdk (june 2010)\include\xnamathconvert.inl(4639): warning C4838: преобразование из "unsigned int" в "INT" требует сужающего преобразования
c:\program files (x86)\microsoft directx sdk (june 2010)\include\xnamathconvert.inl(4707): warning C4838: преобразование из "unsigned int" в "INT" требует сужающего преобразования
c:\program files (x86)\microsoft directx sdk (june 2010)\include\xnamathconvert.inl(4770): warning C4838: преобразование из "unsigned int" в "INT" требует сужающего преобразования
c:\program files (x86)\microsoft directx sdk (june 2010)\include\xnamathconvert.inl(4832): warning C4838: преобразование из "unsigned int" в "INT" требует сужающего преобразования
c:\program files (x86)\microsoft directx sdk (june 2010)\include\xnamathmisc.inl(518): warning C4838: преобразование из "unsigned int" в "INT" требует сужающего преобразования
c:\program files (x86)\microsoft directx sdk (june 2010)\include\xnamathmisc.inl(519): warning C4838: преобразование из "unsigned int" в "INT" требует сужающего преобразования
  main.cpp
  window.cpp
c:\program files (x86)\microsoft directx sdk (june 2010)\include\dxgitype.h(12): warning C4005: DXGI_STATUS_OCCLUDED: изменение макроопределения
  c:\program files (x86)\windows kits\10\include\10.0.19041.0\shared\winerror.h(56388): note: см. предыдущее определение "DXGI_STATUS_OCCLUDED"
c:\program files (x86)\microsoft directx sdk (june 2010)\include\dxgitype.h(13): warning C4005: DXGI_STATUS_CLIPPED: изменение макроопределения
  c:\program files (x86)\windows kits\10\include\10.0.19041.0\shared\winerror.h(56397): note: см. предыдущее определение "DXGI_STATUS_CLIPPED"
c:\program files (x86)\microsoft directx sdk (june 2010)\include\dxgitype.h(14): warning C4005: DXGI_STATUS_NO_REDIRECTION: изменение макроопределения
  c:\program files (x86)\windows kits\10\include\10.0.19041.0\shared\winerror.h(56406): note: см. предыдущее определение "DXGI_STATUS_NO_REDIRECTION"
c:\program files (x86)\microsoft directx sdk (june 2010)\include\dxgitype.h(15): warning C4005: DXGI_STATUS_NO_DESKTOP_ACCESS: изменение макроопределения
  c:\program files (x86)\windows kits\10\include\10.0.19041.0\shared\winerror.h(56415): note: см. предыдущее определение "DXGI_STATUS_NO_DESKTOP_ACCESS"
c:\program files (x86)\microsoft directx sdk (june 2010)\include\dxgitype.h(16): warning C4005: DXGI_STATUS_GRAPHICS_VIDPN_SOURCE_IN_USE: изменение макроопределения
  c:\program files (x86)\windows kits\10\include\10.0.19041.0\shared\winerror.h(56424): note: см. предыдущее определение "DXGI_STATUS_GRAPHICS_VIDPN_SOURCE_IN_USE"
c:\program files (x86)\microsoft directx sdk (june 2010)\include\dxgitype.h(17): warning C4005: DXGI_STATUS_MODE_CHANGED: изменение макроопределения
  c:\program files (x86)\windows kits\10\include\10.0.19041.0\shared\winerror.h(56433): note: см. предыдущее определение "DXGI_STATUS_MODE_CHANGED"
c:\program files (x86)\microsoft directx sdk (june 2010)\include\dxgitype.h(18): warning C4005: DXGI_STATUS_MODE_CHANGE_IN_PROGRESS: изменение макроопределения
  c:\program files (x86)\windows kits\10\include\10.0.19041.0\shared\winerror.h(56442): note: см. предыдущее определение "DXGI_STATUS_MODE_CHANGE_IN_PROGRESS"
c:\program files (x86)\microsoft directx sdk (june 2010)\include\dxgitype.h(21): warning C4005: DXGI_ERROR_INVALID_CALL: изменение макроопределения
  c:\program files (x86)\windows kits\10\include\10.0.19041.0\shared\winerror.h(56457): note: см. предыдущее определение "DXGI_ERROR_INVALID_CALL"
c:\program files (x86)\microsoft directx sdk (june 2010)\include\dxgitype.h(22): warning C4005: DXGI_ERROR_NOT_FOUND: изменение макроопределения
  c:\program files (x86)\windows kits\10\include\10.0.19041.0\shared\winerror.h(56466): note: см. предыдущее определение "DXGI_ERROR_NOT_FOUND"
c:\program files (x86)\microsoft directx sdk (june 2010)\include\dxgitype.h(23): warning C4005: DXGI_ERROR_MORE_DATA: изменение макроопределения
  c:\program files (x86)\windows kits\10\include\10.0.19041.0\shared\winerror.h(56475): note: см. предыдущее определение "DXGI_ERROR_MORE_DATA"
c:\program files (x86)\microsoft directx sdk (june 2010)\include\dxgitype.h(24): warning C4005: DXGI_ERROR_UNSUPPORTED: изменение макроопределения
  c:\program files (x86)\windows kits\10\include\10.0.19041.0\shared\winerror.h(56484): note: см. предыдущее определение "DXGI_ERROR_UNSUPPORTED"
c:\program files (x86)\microsoft directx sdk (june 2010)\include\dxgitype.h(25): warning C4005: DXGI_ERROR_DEVICE_REMOVED: изменение макроопределения
  c:\program files (x86)\windows kits\10\include\10.0.19041.0\shared\winerror.h(56493): note: см. предыдущее определение "DXGI_ERROR_DEVICE_REMOVED"
c:\program files (x86)\microsoft directx sdk (june 2010)\include\dxgitype.h(26): warning C4005: DXGI_ERROR_DEVICE_HUNG: изменение макроопределения
  c:\program files (x86)\windows kits\10\include\10.0.19041.0\shared\winerror.h(56502): note: см. предыдущее определение "DXGI_ERROR_DEVICE_HUNG"
c:\program files (x86)\microsoft directx sdk (june 2010)\include\dxgitype.h(27): warning C4005: DXGI_ERROR_DEVICE_RESET: изменение макроопределения
  c:\program files (x86)\windows kits\10\include\10.0.19041.0\shared\winerror.h(56512): note: см. предыдущее определение "DXGI_ERROR_DEVICE_RESET"
c:\program files (x86)\microsoft directx sdk (june 2010)\include\dxgitype.h(28): warning C4005: DXGI_ERROR_WAS_STILL_DRAWING: изменение макроопределения
  c:\program files (x86)\windows kits\10\include\10.0.19041.0\shared\winerror.h(56521): note: см. предыдущее определение "DXGI_ERROR_WAS_STILL_DRAWING"
c:\program files (x86)\microsoft directx sdk (june 2010)\include\dxgitype.h(29): warning C4005: DXGI_ERROR_FRAME_STATISTICS_DISJOINT: изменение макроопределения
  c:\program files (x86)\windows kits\10\include\10.0.19041.0\shared\winerror.h(56531): note: см. предыдущее определение "DXGI_ERROR_FRAME_STATISTICS_DISJOINT"
c:\program files (x86)\microsoft directx sdk (june 2010)\include\dxgitype.h(30): warning C4005: DXGI_ERROR_GRAPHICS_VIDPN_SOURCE_IN_USE: изменение макроопределения
  c:\program files (x86)\windows kits\10\include\10.0.19041.0\shared\winerror.h(56540): note: см. предыдущее определение "DXGI_ERROR_GRAPHICS_VIDPN_SOURCE_IN_USE"
c:\program files (x86)\microsoft directx sdk (june 2010)\include\dxgitype.h(31): warning C4005: DXGI_ERROR_DRIVER_INTERNAL_ERROR: изменение макроопределения
  c:\program files (x86)\windows kits\10\include\10.0.19041.0\shared\winerror.h(56550): note: см. предыдущее определение "DXGI_ERROR_DRIVER_INTERNAL_ERROR"
c:\program files (x86)\microsoft directx sdk (june 2010)\include\dxgitype.h(32): warning C4005: DXGI_ERROR_NONEXCLUSIVE: изменение макроопределения
  c:\program files (x86)\windows kits\10\include\10.0.19041.0\shared\winerror.h(56559): note: см. предыдущее определение "DXGI_ERROR_NONEXCLUSIVE"
c:\program files (x86)\microsoft directx sdk (june 2010)\include\dxgitype.h(33): warning C4005: DXGI_ERROR_NOT_CURRENTLY_AVAILABLE: изменение макроопределения
  c:\program files (x86)\windows kits\10\include\10.0.19041.0\shared\winerror.h(56568): note: см. предыдущее определение "DXGI_ERROR_NOT_CURRENTLY_AVAILABLE"
c:\program files (x86)\microsoft directx sdk (june 2010)\include\dxgitype.h(34): warning C4005: DXGI_ERROR_REMOTE_CLIENT_DISCONNECTED: изменение макроопределения
  c:\program files (x86)\windows kits\10\include\10.0.19041.0\shared\winerror.h(56578): note: см. предыдущее определение "DXGI_ERROR_REMOTE_CLIENT_DISCONNECTED"
c:\program files (x86)\microsoft directx sdk (june 2010)\include\dxgitype.h(35): warning C4005: DXGI_ERROR_REMOTE_OUTOFMEMORY: изменение макроопределения
  c:\program files (x86)\windows kits\10\include\10.0.19041.0\shared\winerror.h(56587): note: см. предыдущее определение "DXGI_ERROR_REMOTE_OUTOFMEMORY"
c:\program files (x86)\microsoft directx sdk (june 2010)\include\d3d11.h(917): warning C4005: D3D11_ERROR_TOO_MANY_UNIQUE_STATE_OBJECTS: изменение макроопределения
  c:\program files (x86)\windows kits\10\include\10.0.19041.0\shared\winerror.h(56865): note: см. предыдущее определение "D3D11_ERROR_TOO_MANY_UNIQUE_STATE_OBJECTS"
c:\program files (x86)\microsoft directx sdk (june 2010)\include\d3d11.h(918): warning C4005: D3D11_ERROR_FILE_NOT_FOUND: изменение макроопределения
  c:\program files (x86)\windows kits\10\include\10.0.19041.0\shared\winerror.h(56874): note: см. предыдущее определение "D3D11_ERROR_FILE_NOT_FOUND"
c:\program files (x86)\microsoft directx sdk (june 2010)\include\d3d11.h(919): warning C4005: D3D11_ERROR_TOO_MANY_UNIQUE_VIEW_OBJECTS: изменение макроопределения
  c:\program files (x86)\windows kits\10\include\10.0.19041.0\shared\winerror.h(56884): note: см. предыдущее определение "D3D11_ERROR_TOO_MANY_UNIQUE_VIEW_OBJECTS"
c:\program files (x86)\microsoft directx sdk (june 2010)\include\d3d11.h(920): warning C4005: D3D11_ERROR_DEFERRED_CONTEXT_MAP_WITHOUT_INITIAL_DISCARD: изменение макроопределения
  c:\program files (x86)\windows kits\10\include\10.0.19041.0\shared\winerror.h(56893): note: см. предыдущее определение "D3D11_ERROR_DEFERRED_CONTEXT_MAP_WITHOUT_INITIAL_DISCARD"
c:\program files (x86)\microsoft directx sdk (june 2010)\include\d3d10.h(608): warning C4005: D3D10_ERROR_TOO_MANY_UNIQUE_STATE_OBJECTS: изменение макроопределения
  c:\program files (x86)\windows kits\10\include\10.0.19041.0\shared\winerror.h(56841): note: см. предыдущее определение "D3D10_ERROR_TOO_MANY_UNIQUE_STATE_OBJECTS"
c:\program files (x86)\microsoft directx sdk (june 2010)\include\d3d10.h(609): warning C4005: D3D10_ERROR_FILE_NOT_FOUND: изменение макроопределения
  c:\program files (x86)\windows kits\10\include\10.0.19041.0\shared\winerror.h(56850): note: см. предыдущее определение "D3D10_ERROR_FILE_NOT_FOUND"
c:\program files (x86)\microsoft directx sdk (june 2010)\include\xnamath.h(2662): warning C4838: преобразование из "unsigned int" в "INT" требует сужающего преобразования
c:\program files (x86)\microsoft directx sdk (june 2010)\include\xnamath.h(2663): warning C4838: преобразование из "unsigned int" в "INT" требует сужающего преобразования
c:\program files (x86)\microsoft directx sdk (june 2010)\include\xnamath.h(2664): warning C4838: преобразование из "unsigned int" в "INT" требует сужающего преобразования
c:\program files (x86)\microsoft directx sdk (june 2010)\include\xnamath.h(2665): warning C4838: преобразование из "unsigned int" в "INT" требует сужающего преобразования
c:\program files (x86)\microsoft directx sdk (june 2010)\include\xnamath.h(2666): warning C4838: преобразование из "unsigned int" в "INT" требует сужающего преобразования
c:\program files (x86)\microsoft directx sdk (june 2010)\include\xnamath.h(2667): warning C4838: преобразование из "unsigned int" в "INT" требует сужающего преобразования
c:\program files (x86)\microsoft directx sdk (june 2010)\include\xnamath.h(2668): warning C4838: преобразование из "unsigned int" в "INT" требует сужающего преобразования
c:\program files (x86)\microsoft directx sdk (june 2010)\include\xnamath.h(2689): warning C4838: преобразование из "unsigned int" в "INT" требует сужающего преобразования
c:\program files (x86)\microsoft directx sdk (june 2010)\include\xnamath.h(2690): warning C4838: преобразование из "unsigned int" в "INT" требует сужающего преобразования
c:\program files (x86)\microsoft directx sdk (june 2010)\include\xnamath.h(2691): warning C4838: преобразование из "unsigned int" в "INT" требует сужающего преобразования
c:\program files (x86)\microsoft directx sdk (june 2010)\include\xnamath.h(2694): warning C4838: преобразование из "unsigned int" в "INT" требует сужающего преобразования
c:\program files (x86)\microsoft directx sdk (june 2010)\include\xnamath.h(2695): warning C4838: преобразование из "unsigned int" в "INT" требует сужающего преобразования
c:\program files (x86)\microsoft directx sdk (june 2010)\include\xnamath.h(2698): warning C4838: преобразование из "unsigned int" в "INT" требует сужающего преобразования
c:\program files (x86)\microsoft directx sdk (june 2010)\include\xnamath.h(2702): warning C4838: преобразование из "unsigned int" в "INT" требует сужающего преобразования
c:\program files (x86)\microsoft directx sdk (june 2010)\include\xnamath.h(2712): warning C4838: преобразование из "unsigned int" в "INT" требует сужающего преобразования
c:\program files (x86)\microsoft directx sdk (june 2010)\include\xnamath.h(2713): warning C4838: преобразование из "unsigned int" в "INT" требует сужающего преобразования
c:\program files (x86)\microsoft directx sdk (june 2010)\include\xnamath.h(2715): warning C4838: преобразование из "unsigned int" в "INT" требует сужающего преобразования
c:\program files (x86)\microsoft directx sdk (june 2010)\include\xnamath.h(2716): warning C4838: преобразование из "unsigned int" в "INT" требует сужающего преобразования
c:\program files (x86)\microsoft directx sdk (june 2010)\include\xnamath.h(2717): warning C4838: преобразование из "unsigned int" в "INT" требует сужающего преобразования
c:\program files (x86)\microsoft directx sdk (june 2010)\include\xnamath.h(2727): warning C4838: преобразование из "unsigned int" в "INT" требует сужающего преобразования
c:\program files (x86)\microsoft directx sdk (june 2010)\include\xnamath.h(2728): warning C4838: преобразование из "unsigned int" в "INT" требует сужающего преобразования
c:\program files (x86)\microsoft directx sdk (june 2010)\include\xnamath.h(2729): warning C4838: преобразование из "unsigned int" в "INT" требует сужающего преобразования
c:\program files (x86)\microsoft directx sdk (june 2010)\include\xnamath.h(2730): warning C4838: преобразование из "unsigned int" в "INT" требует сужающего преобразования
c:\program files (x86)\microsoft directx sdk (june 2010)\include\xnamath.h(2731): warning C4838: преобразование из "unsigned int" в "INT" требует сужающего преобразования
c:\program files (x86)\microsoft directx sdk (june 2010)\include\xnamath.h(2732): warning C4838: преобразование из "unsigned int" в "INT" требует сужающего преобразования
c:\program files (x86)\microsoft directx sdk (june 2010)\include\xnamath.h(2742): warning C4838: преобразование из "unsigned int" в "INT" требует сужающего преобразования
c:\program files (x86)\microsoft directx sdk (june 2010)\include\xnamath.h(2743): warning C4838: преобразование из "unsigned int" в "INT" требует сужающего преобразования
c:\program files (x86)\microsoft directx sdk (june 2010)\include\xnamath.h(2754): warning C4838: преобразование из "unsigned int" в "INT" требует сужающего преобразования
c:\program files (x86)\microsoft directx sdk (june 2010)\include\xnamathconvert.inl(2254): warning C4838: преобразование из "unsigned int" в "INT" требует сужающего преобразования
c:\program files (x86)\microsoft directx sdk (june 2010)\include\xnamathconvert.inl(4523): warning C4838: преобразование из "unsigned int" в "INT" требует сужающего преобразования
c:\program files (x86)\microsoft directx sdk (june 2010)\include\xnamathconvert.inl(4577): warning C4838: преобразование из "unsigned int" в "INT" требует сужающего преобразования
c:\program files (x86)\microsoft directx sdk (june 2010)\include\xnamathconvert.inl(4639): warning C4838: преобразование из "unsigned int" в "INT" требует сужающего преобразования
c:\program files (x86)\microsoft directx sdk (june 2010)\include\xnamathconvert.inl(4707): warning C4838: преобразование из "unsigned int" в "INT" требует сужающего преобразования
c:\program files (x86)\microsoft directx sdk (june 2010)\include\xnamathconvert.inl(4770): warning C4838: преобразование из "unsigned int" в "INT" требует сужающего преобразования
c:\program files (x86)\microsoft directx sdk (june 2010)\include\xnamathconvert.inl(4832): warning C4838: преобразование из "unsigned int" в "INT" требует сужающего преобразования
c:\program files (x86)\microsoft directx sdk (june 2010)\include\xnamathmisc.inl(518): warning C4838: преобразование из "unsigned int" в "INT" требует сужающего преобразования
c:\program files (x86)\microsoft directx sdk (june 2010)\include\xnamathmisc.inl(519): warning C4838: преобразование из "unsigned int" в "INT" требует сужающего преобразования
  Создание кода
  All 37 functions were compiled because no usable IPDB/IOBJ from previous compilation was found.
  Создание кода завершено
  directx11_example.vcxproj -> C:\Users\Shert\Desktop\DirectX11\Release\directx11_example.exe
