c:\users\shert\desktop\directx11\directx11_example\debug\vc141.pdb
c:\users\shert\desktop\directx11\directx11_example\debug\vc141.idb
c:\users\shert\desktop\directx11\directx11_example\debug\window.obj
c:\users\shert\desktop\directx11\directx11_example\debug\main.obj
c:\users\shert\desktop\directx11\directx11_example\debug\directx.obj
c:\users\shert\desktop\directx11\debug\shaders.cso
c:\users\shert\desktop\directx11\debug\directx11_example.ilk
c:\users\shert\desktop\directx11\debug\directx11_example.exe
c:\users\shert\desktop\directx11\debug\directx11_example.pdb
c:\users\shert\desktop\directx11\directx11_example\debug\directx11_example.res
c:\users\shert\desktop\directx11\directx11_example\debug\directx1.bd4946c8.tlog\cl.command.1.tlog
c:\users\shert\desktop\directx11\directx11_example\debug\directx1.bd4946c8.tlog\cl.read.1.tlog
c:\users\shert\desktop\directx11\directx11_example\debug\directx1.bd4946c8.tlog\cl.write.1.tlog
c:\users\shert\desktop\directx11\directx11_example\debug\directx1.bd4946c8.tlog\fxc.command.1.tlog
c:\users\shert\desktop\directx11\directx11_example\debug\directx1.bd4946c8.tlog\fxc.read.1.tlog
c:\users\shert\desktop\directx11\directx11_example\debug\directx1.bd4946c8.tlog\fxc.write.1.tlog
c:\users\shert\desktop\directx11\directx11_example\debug\directx1.bd4946c8.tlog\link.command.1.tlog
c:\users\shert\desktop\directx11\directx11_example\debug\directx1.bd4946c8.tlog\link.read.1.tlog
c:\users\shert\desktop\directx11\directx11_example\debug\directx1.bd4946c8.tlog\link.write.1.tlog
c:\users\shert\desktop\directx11\directx11_example\debug\directx1.bd4946c8.tlog\rc.command.1.tlog
c:\users\shert\desktop\directx11\directx11_example\debug\directx1.bd4946c8.tlog\rc.read.1.tlog
c:\users\shert\desktop\directx11\directx11_example\debug\directx1.bd4946c8.tlog\rc.write.1.tlog
